<?xml version="1.0" encoding="UTF-8"?>
<testsuite name="com.jackrl.bomberguygame.domain.PlayerTest" time="5.1" tests="21" errors="0" skipped="0" failures="0">
  <properties>
    <property name="java.runtime.name" value="OpenJDK Runtime Environment"/>
    <property name="sun.boot.library.path" value="/usr/lib/jvm/java-7-openjdk-amd64/jre/lib/amd64"/>
    <property name="java.vm.version" value="24.75-b04"/>
    <property name="java.vm.vendor" value="Oracle Corporation"/>
    <property name="java.vendor.url" value="http://java.oracle.com/"/>
    <property name="path.separator" value=":"/>
    <property name="guice.disable.misplaced.annotation.check" value="true"/>
    <property name="java.vm.name" value="OpenJDK 64-Bit Server VM"/>
    <property name="file.encoding.pkg" value="sun.io"/>
    <property name="user.country" value="GB"/>
    <property name="sun.java.launcher" value="SUN_STANDARD"/>
    <property name="sun.os.patch.level" value="unknown"/>
    <property name="java.vm.specification.name" value="Java Virtual Machine Specification"/>
    <property name="user.dir" value="/home/jacintor/Javalabra/Bomberguy/BomberguyGame"/>
    <property name="java.runtime.version" value="1.7.0_75-b13"/>
    <property name="java.awt.graphicsenv" value="sun.awt.X11GraphicsEnvironment"/>
    <property name="java.endorsed.dirs" value="/usr/lib/jvm/java-7-openjdk-amd64/jre/lib/endorsed"/>
    <property name="os.arch" value="amd64"/>
    <property name="java.io.tmpdir" value="/tmp"/>
    <property name="line.separator" value="&#10;"/>
    <property name="java.vm.specification.vendor" value="Oracle Corporation"/>
    <property name="os.name" value="Linux"/>
    <property name="net.sourceforge.cobertura.datafile" value="/home/jacintor/Javalabra/Bomberguy/BomberguyGame/target/cobertura/cobertura.ser"/>
    <property name="maven.ext.class.path" value="/home/jacintor/.netbeans/8.0/maven-nblib/netbeans-eventspy.jar"/>
    <property name="classworlds.conf" value="/home/jacintor/.netbeans/8.0/maven/bin/m2.conf"/>
    <property name="sun.jnu.encoding" value="UTF-8"/>
    <property name="java.library.path" value="/usr/lib/jvm/default-java/jre/lib/amd64:/usr/lib/jvm/default-java/jre/lib/i386::/usr/java/packages/lib/amd64:/usr/lib/x86_64-linux-gnu/jni:/lib/x86_64-linux-gnu:/usr/lib/x86_64-linux-gnu:/usr/lib/jni:/lib:/usr/lib"/>
    <property name="java.specification.name" value="Java Platform API Specification"/>
    <property name="java.class.version" value="51.0"/>
    <property name="sun.management.compiler" value="HotSpot 64-Bit Tiered Compilers"/>
    <property name="os.version" value="3.13.0-46-generic"/>
    <property name="user.home" value="/home/jacintor"/>
    <property name="user.timezone" value="Europe/Helsinki"/>
    <property name="java.awt.printerjob" value="sun.print.PSPrinterJob"/>
    <property name="java.specification.version" value="1.7"/>
    <property name="file.encoding" value="UTF-8"/>
    <property name="user.name" value="jacintor"/>
    <property name="java.class.path" value="/home/jacintor/.netbeans/8.0/maven/boot/plexus-classworlds-2.4.jar"/>
    <property name="java.vm.specification.version" value="1.7"/>
    <property name="sun.arch.data.model" value="64"/>
    <property name="java.home" value="/usr/lib/jvm/java-7-openjdk-amd64/jre"/>
    <property name="sun.java.command" value="org.codehaus.plexus.classworlds.launcher.Launcher -Dmaven.ext.class.path=/home/jacintor/.netbeans/8.0/maven-nblib/netbeans-eventspy.jar cobertura:cobertura"/>
    <property name="java.specification.vendor" value="Oracle Corporation"/>
    <property name="user.language" value="en"/>
    <property name="awt.toolkit" value="sun.awt.X11.XToolkit"/>
    <property name="java.vm.info" value="mixed mode"/>
    <property name="java.version" value="1.7.0_75"/>
    <property name="java.ext.dirs" value="/usr/lib/jvm/java-7-openjdk-amd64/jre/lib/ext:/usr/java/packages/lib/ext"/>
    <property name="securerandom.source" value="file:/dev/./urandom"/>
    <property name="sun.boot.class.path" value="/usr/lib/jvm/java-7-openjdk-amd64/jre/lib/resources.jar:/usr/lib/jvm/java-7-openjdk-amd64/jre/lib/rt.jar:/usr/lib/jvm/java-7-openjdk-amd64/jre/lib/sunrsasign.jar:/usr/lib/jvm/java-7-openjdk-amd64/jre/lib/jsse.jar:/usr/lib/jvm/java-7-openjdk-amd64/jre/lib/jce.jar:/usr/lib/jvm/java-7-openjdk-amd64/jre/lib/charsets.jar:/usr/lib/jvm/java-7-openjdk-amd64/jre/lib/rhino.jar:/usr/lib/jvm/java-7-openjdk-amd64/jre/lib/jfr.jar:/usr/lib/jvm/java-7-openjdk-amd64/jre/classes"/>
    <property name="java.vendor" value="Oracle Corporation"/>
    <property name="maven.home" value="/home/jacintor/.netbeans/8.0/maven"/>
    <property name="file.separator" value="/"/>
    <property name="java.vendor.url.bug" value="http://bugreport.sun.com/bugreport/"/>
    <property name="sun.cpu.endian" value="little"/>
    <property name="sun.io.unicode.encoding" value="UnicodeLittle"/>
    <property name="project.build.outputDirectory" value="/home/jacintor/Javalabra/Bomberguy/BomberguyGame/target/generated-classes/cobertura"/>
    <property name="sun.desktop" value="gnome"/>
    <property name="sun.cpu.isalist" value=""/>
  </properties>
  <testcase name="testMoveLeft" classname="com.jackrl.bomberguygame.domain.PlayerTest" time="0.83"/>
  <testcase name="testMoveUp" classname="com.jackrl.bomberguygame.domain.PlayerTest" time="0.245"/>
  <testcase name="testMoveDown" classname="com.jackrl.bomberguygame.domain.PlayerTest" time="0.192"/>
  <testcase name="testMoveXWithAPreviousMoveRight" classname="com.jackrl.bomberguygame.domain.PlayerTest" time="0.229"/>
  <testcase name="testMoveYWithAPreviousMoveDown" classname="com.jackrl.bomberguygame.domain.PlayerTest" time="0.166"/>
  <testcase name="testResetDxAndDy" classname="com.jackrl.bomberguygame.domain.PlayerTest" time="0.258"/>
  <testcase name="testThrowBombAllowsThePlayerToThroughBomb" classname="com.jackrl.bomberguygame.domain.PlayerTest" time="0.229"/>
  <testcase name="testThrowBombDoesntAllowThePlayerToThroughASecondBomb" classname="com.jackrl.bomberguygame.domain.PlayerTest" time="0.242"/>
  <testcase name="testContructorWithCoordinatesx0y0" classname="com.jackrl.bomberguygame.domain.PlayerTest" time="0.269"/>
  <testcase name="testContructorWithRandomCoordinates" classname="com.jackrl.bomberguygame.domain.PlayerTest" time="0.269"/>
  <testcase name="testMoveRight" classname="com.jackrl.bomberguygame.domain.PlayerTest" time="0.209"/>
  <testcase name="testAddBombByBeingAbleToThroughTwoBombsConsecutivelyAfterMovingAwayFromTheFirstBomb" classname="com.jackrl.bomberguygame.domain.PlayerTest" time="0.193"/>
  <testcase name="testThrowBombByNotBeingAbleToThroughTwoBombsConsecutivelyIfThePlayerIsStandingOnTheFirstBomb" classname="com.jackrl.bomberguygame.domain.PlayerTest" time="0.232"/>
  <testcase name="testGetThrownBombReturnsNullBeforeABobmbHasBeenThrown" classname="com.jackrl.bomberguygame.domain.PlayerTest" time="0.153"/>
  <testcase name="testGetThrownBombReturnsABombAfterABobmbHasBeenThrown" classname="com.jackrl.bomberguygame.domain.PlayerTest" time="0.218"/>
  <testcase name="testIsStandingOnBombShouldReturnFalseBeforeThrowingABomb" classname="com.jackrl.bomberguygame.domain.PlayerTest" time="0.153"/>
  <testcase name="testIsStandingOnBombShouldReturnTrueAfterABobmbHasBeenThrown" classname="com.jackrl.bomberguygame.domain.PlayerTest" time="0.204"/>
  <testcase name="testPlayerIsAliveWhenreated" classname="com.jackrl.bomberguygame.domain.PlayerTest" time="0.227"/>
  <testcase name="testDieKillsThePlayer" classname="com.jackrl.bomberguygame.domain.PlayerTest" time="0.206"/>
  <testcase name="testPlayerNonCollisionWithWall" classname="com.jackrl.bomberguygame.domain.PlayerTest" time="0.157"/>
  <testcase name="testPlayerCollisionWithWall" classname="com.jackrl.bomberguygame.domain.PlayerTest" time="0.219"/>
</testsuite>